<?xml version="1.0" encoding="UTF-8"?>
<testng-results ignored="0" total="1" passed="1" failed="0" skipped="0">
  <reporter-output>
  </reporter-output>
  <suite started-at="2022-04-11T15:39:06Z" name="Default suite" finished-at="2022-04-11T15:39:20Z" duration-ms="13954">
    <groups>
    </groups>
    <test started-at="2022-04-11T15:39:06Z" name="Default test" finished-at="2022-04-11T15:39:20Z" duration-ms="13954">
      <class name="com.acti.tests.TaskListTests">
        <test-method is-config="true" signature="setUp()[pri:0, instance:com.acti.tests.TaskListTests@3081f72c]" started-at="2022-04-11T15:39:06Z" name="setUp" finished-at="2022-04-11T15:39:09Z" duration-ms="3196" status="PASS">
          <reporter-output>
          </reporter-output>
        </test-method> <!-- setUp -->
        <test-method signature="testCreateCustomer()[pri:0, instance:com.acti.tests.TaskListTests@3081f72c]" started-at="2022-04-11T15:39:09Z" name="testCreateCustomer" finished-at="2022-04-11T15:39:19Z" duration-ms="10070" status="PASS">
          <reporter-output>
          </reporter-output>
        </test-method> <!-- testCreateCustomer -->
        <test-method is-config="true" signature="tearDown()[pri:0, instance:com.acti.tests.TaskListTests@3081f72c]" started-at="2022-04-11T15:39:19Z" name="tearDown" finished-at="2022-04-11T15:39:20Z" duration-ms="667" status="PASS">
          <reporter-output>
          </reporter-output>
        </test-method> <!-- tearDown -->
      </class> <!-- com.acti.tests.TaskListTests -->
    </test> <!-- Default test -->
  </suite> <!-- Default suite -->
</testng-results>
